2022-04-20 10:14:17,740 INFO org.hibernate.validator.internal.util.Version [background-preinit] HV000001: Hibernate Validator 6.2.2.Final
2022-04-20 10:14:17,754 INFO br.com.aulajavaanacarla.primeiroprojeto.PrimeiroprojetoApplication [main] Starting PrimeiroprojetoApplication using Java 17.0.1 on BRSPOBITAN10163 with PID 5796 (C:\Users\ana.carla\anacarla\AulaJava\projetos\primeiroprojeto\target\classes started by ana.carla in C:\Users\ana.carla\anacarla\AulaJava\projetos\primeiroprojeto)
2022-04-20 10:14:17,755 DEBUG br.com.aulajavaanacarla.primeiroprojeto.PrimeiroprojetoApplication [main] Running with Spring Boot v2.6.4, Spring v5.3.16
2022-04-20 10:14:17,756 INFO br.com.aulajavaanacarla.primeiroprojeto.PrimeiroprojetoApplication [main] No active profile set, falling back to 1 default profile: "default"
2022-04-20 10:14:19,031 INFO org.springframework.data.repository.config.RepositoryConfigurationDelegate [main] Bootstrapping Spring Data JPA repositories in DEFAULT mode.
2022-04-20 10:14:19,121 INFO org.springframework.data.repository.config.RepositoryConfigurationDelegate [main] Finished Spring Data repository scanning in 65 ms. Found 1 JPA repository interfaces.
2022-04-20 10:14:20,245 INFO org.springframework.boot.web.embedded.tomcat.TomcatWebServer [main] Tomcat initialized with port(s): 8080 (http)
2022-04-20 10:14:20,267 INFO org.apache.coyote.http11.Http11NioProtocol [main] Initializing ProtocolHandler ["http-nio-8080"]
2022-04-20 10:14:20,268 INFO org.apache.catalina.core.StandardService [main] Starting service [Tomcat]
2022-04-20 10:14:20,269 INFO org.apache.catalina.core.StandardEngine [main] Starting Servlet engine: [Apache Tomcat/9.0.58]
2022-04-20 10:14:20,434 INFO org.apache.catalina.core.ContainerBase.[Tomcat].[localhost].[/] [main] Initializing Spring embedded WebApplicationContext
2022-04-20 10:14:20,435 INFO org.springframework.boot.web.servlet.context.ServletWebServerApplicationContext [main] Root WebApplicationContext: initialization completed in 2567 ms
2022-04-20 10:14:20,514 INFO com.zaxxer.hikari.HikariDataSource [main] HikariPool-1 - Starting...
2022-04-20 10:14:20,812 INFO com.zaxxer.hikari.HikariDataSource [main] HikariPool-1 - Start completed.
2022-04-20 10:14:20,826 INFO org.springframework.boot.autoconfigure.h2.H2ConsoleAutoConfiguration [main] H2 console available at '/h2'. Database available at 'jdbc:h2:file:C:/Users/ana.carla/anacarla/AulaJava/testdb'
2022-04-20 10:14:21,061 INFO org.hibernate.jpa.internal.util.LogHelper [main] HHH000204: Processing PersistenceUnitInfo [name: default]
2022-04-20 10:14:21,196 INFO org.hibernate.Version [main] HHH000412: Hibernate ORM core version 5.6.5.Final
2022-04-20 10:14:21,470 INFO org.hibernate.annotations.common.Version [main] HCANN000001: Hibernate Commons Annotations {5.1.2.Final}
2022-04-20 10:14:21,719 INFO org.hibernate.dialect.Dialect [main] HHH000400: Using dialect: org.hibernate.dialect.H2Dialect
2022-04-20 10:14:22,769 INFO org.hibernate.engine.transaction.jta.platform.internal.JtaPlatformInitiator [main] HHH000490: Using JtaPlatform implementation: [org.hibernate.engine.transaction.jta.platform.internal.NoJtaPlatform]
2022-04-20 10:14:22,786 INFO org.springframework.orm.jpa.LocalContainerEntityManagerFactoryBean [main] Initialized JPA EntityManagerFactory for persistence unit 'default'
2022-04-20 10:14:23,495 WARN org.springframework.boot.autoconfigure.orm.jpa.JpaBaseConfiguration$JpaWebConfiguration [main] spring.jpa.open-in-view is enabled by default. Therefore, database queries may be performed during view rendering. Explicitly configure spring.jpa.open-in-view to disable this warning
2022-04-20 10:14:24,054 INFO org.apache.coyote.http11.Http11NioProtocol [main] Starting ProtocolHandler ["http-nio-8080"]
2022-04-20 10:14:24,143 INFO org.springframework.boot.web.embedded.tomcat.TomcatWebServer [main] Tomcat started on port(s): 8080 (http) with context path ''
2022-04-20 10:14:24,155 INFO br.com.aulajavaanacarla.primeiroprojeto.PrimeiroprojetoApplication [main] Started PrimeiroprojetoApplication in 7.11 seconds (JVM running for 8.106)
2022-04-20 10:14:33,489 INFO org.apache.catalina.core.ContainerBase.[Tomcat].[localhost].[/] [http-nio-8080-exec-2] Initializing Spring DispatcherServlet 'dispatcherServlet'
2022-04-20 10:14:33,490 INFO org.springframework.web.servlet.DispatcherServlet [http-nio-8080-exec-2] Initializing Servlet 'dispatcherServlet'
2022-04-20 10:14:33,492 INFO org.springframework.web.servlet.DispatcherServlet [http-nio-8080-exec-2] Completed initialization in 2 ms
2022-04-20 10:14:33,568 INFO br.com.aulajavaanacarla.primeiroprojeto.controller.PessoaController [http-nio-8080-exec-2] Vamos procurar o RG: 51566
2022-04-20 10:14:33,789 INFO br.com.aulajavaanacarla.primeiroprojeto.business.PessoaService [http-nio-8080-exec-2] Cadastro não encontrado - RG 51566
2022-04-20 10:17:54,393 INFO org.springframework.orm.jpa.LocalContainerEntityManagerFactoryBean [SpringApplicationShutdownHook] Closing JPA EntityManagerFactory for persistence unit 'default'
2022-04-20 10:17:54,397 INFO com.zaxxer.hikari.HikariDataSource [SpringApplicationShutdownHook] HikariPool-1 - Shutdown initiated...
2022-04-20 10:17:54,415 INFO com.zaxxer.hikari.HikariDataSource [SpringApplicationShutdownHook] HikariPool-1 - Shutdown completed.
